<?xml version="1.0" encoding="UTF-8"?>
<!-- Generated by org.testng.reporters.JUnitXMLReporter -->
<testsuite hostname="DESKTOP-1CLAF4H" ignored="0" name="Test" tests="1" failures="1" timestamp="2021-07-01T19:26:43 IST" time="80.069" errors="0">
  <testcase name="loginNew" time="79.991" classname="scriptFile.ScriptFile">
    <failure type="java.lang.IllegalArgumentException" message="Key Down / Up events only make sense for modifier keys.">
      <![CDATA[java.lang.IllegalArgumentException: Key Down / Up events only make sense for modifier keys.
at org.openqa.selenium.interactions.internal.SingleKeyAction.<init>(SingleKeyAction.java:49)
at org.openqa.selenium.interactions.internal.SingleKeyAction.<init>(SingleKeyAction.java:37)
at org.openqa.selenium.interactions.KeyDownAction.<init>(KeyDownAction.java:40)
at org.openqa.selenium.interactions.Actions.keyDown(Actions.java:115)
at utilities.FunctionalComponents.launchApplication(FunctionalComponents.java:41)
at scriptFile.ScriptFile.loginNew(ScriptFile.java:16)
at java.util.ArrayList.forEach(Unknown Source)
... Removed 27 stack frames]]>
    </failure>
  </testcase> <!-- loginNew -->
</testsuite> <!-- Test -->
